<?xml version="1.0" encoding="UTF-8" ?>
<testsuite tests="5" failures="0" name="TehtavienhallintaTest" time="0.002" errors="0" skipped="0">
  <properties>
[...]
</properties>
  <testcase classname="TehtavienhallintaTest" name="lisattyTehtavaLoytyyTehtavalistalta" time="0.002"/>
  <testcase classname="TehtavienhallintaTest" name="tehtavanLisaaminenKasvattaaListanKokoaYhdella" time="0"/>
  <testcase classname="TehtavienhallintaTest" name="tehtavanVoiMerkataTehdyksi" time="0"/>
  <testcase classname="TehtavienhallintaTest" name="tehtavalistaAlussaTyhja" time="0"/>
  <testcase classname="TehtavienhallintaTest" name="TehdyksiMerkkaamatonEiOleTehty" time="0"/>
</testsuite>